<?xml version="1.0" encoding="UTF-8"?>
<robot generator="Robot 5.0.1 (Python 3.10.5 on win32)" generated="20221207 23:26:27.563" rpa="false" schemaversion="3">
<suite id="s1" name="TestChangePasswordEmployee" source="C:\xampp\htdocs\automateTestTeam0\Admin\test_change_password_employee\TestChangePasswordEmployee.robot">
<test id="s1-t1" name="Change Password Success" line="107">
<kw name="Open file Excel">
<kw name="Open Excel" library="ExcelRobot">
<arg>C:\\xampp\\htdocs\\automateTestTeam0\\Admin\\test_change_password_employee\\test_data.xlsx</arg>
<doc>Opens the Excel file to read from the path provided in the file path parameter.</doc>
<msg timestamp="20221207 23:26:28.568" level="INFO">Opening file at C:\xampp\htdocs\automateTestTeam0\Admin\test_change_password_employee\test_data.xlsx</msg>
<status status="PASS" starttime="20221207 23:26:28.568" endtime="20221207 23:26:28.570"/>
</kw>
<status status="PASS" starttime="20221207 23:26:28.568" endtime="20221207 23:26:28.578"/>
</kw>
<kw name="Read Cell Data" library="ExcelRobot">
<var>${Username}</var>
<arg>Admin</arg>
<arg>0</arg>
<arg>1</arg>
<doc>Uses the column and row to return the data from that cell.</doc>
<msg timestamp="20221207 23:26:28.578" level="INFO">${Username} = test@gmail.com</msg>
<status status="PASS" starttime="20221207 23:26:28.578" endtime="20221207 23:26:28.578"/>
</kw>
<kw name="Read Cell Data" library="ExcelRobot">
<var>${Password}</var>
<arg>Admin</arg>
<arg>1</arg>
<arg>1</arg>
<doc>Uses the column and row to return the data from that cell.</doc>
<msg timestamp="20221207 23:26:28.578" level="INFO">${Password} = kajorn.n</msg>
<status status="PASS" starttime="20221207 23:26:28.578" endtime="20221207 23:26:28.578"/>
</kw>
<kw name="Open Project Monitoring System">
<kw name="Open Browser" library="SeleniumLibrary">
<arg>${URL}</arg>
<arg>${BROWSER}</arg>
<doc>Opens a new browser instance to the optional ``url``.</doc>
<msg timestamp="20221207 23:26:28.578" level="INFO">Opening browser 'Google Chrome' to base url 'http://dekdee2.informatics.buu.ac.th:9080/team0/'.</msg>
<status status="PASS" starttime="20221207 23:26:28.578" endtime="20221207 23:26:31.341"/>
</kw>
<kw name="Maximize Browser Window" library="SeleniumLibrary">
<doc>Maximizes current browser window.</doc>
<status status="PASS" starttime="20221207 23:26:31.341" endtime="20221207 23:26:31.582"/>
</kw>
<status status="PASS" starttime="20221207 23:26:28.578" endtime="20221207 23:26:31.582"/>
</kw>
<kw name="Click Menu Login">
<kw name="Sleep" library="BuiltIn">
<arg>2s</arg>
<doc>Pauses the test executed for the given time.</doc>
<msg timestamp="20221207 23:26:33.597" level="INFO">Slept 2 seconds</msg>
<status status="PASS" starttime="20221207 23:26:31.582" endtime="20221207 23:26:33.597"/>
</kw>
<kw name="Click Element" library="SeleniumLibrary">
<arg>//*[@id="main-wrapper"]/header/nav/div[2]/ul[2]/li/a</arg>
<doc>Click the element identified by ``locator``.</doc>
<msg timestamp="20221207 23:26:33.597" level="INFO">Clicking element '//*[@id="main-wrapper"]/header/nav/div[2]/ul[2]/li/a'.</msg>
<msg timestamp="20221207 23:26:33.662" level="WARN">Keyword 'Capture Page Screenshot' could not be run on failure: Message: no such window: target window already closed
from unknown error: web view not found
  (Session info: chrome=108.0.5359.95)
Stacktrace:
Backtrace:
	(No symbol) [0x008FF243]
	(No symbol) [0x00887FD1]
	(No symbol) [0x0077D04D]
	(No symbol) [0x00762D7A]
	(No symbol) [0x007CBE7B]
	(No symbol) [0x007DC196]
	(No symbol) [0x007C8386]
	(No symbol) [0x007A163C]
	(No symbol) [0x007A269D]
	GetHandleVerifier [0x00B99A22+2655074]
	GetHandleVerifier [0x00B8CA24+2601828]
	GetHandleVerifier [0x009A8C0A+619850]
	GetHandleVerifier [0x009A7830+614768]
	(No symbol) [0x008905FC]
	(No symbol) [0x00895968]
	(No symbol) [0x00895A55]
	(No symbol) [0x008A051B]
	BaseThreadInitThunk [0x76357BA9+25]
	RtlInitializeExceptionChain [0x777EBB9B+107]
	RtlClearBits [0x777EBB1F+191]
</msg>
<msg timestamp="20221207 23:26:33.670" level="FAIL">Element with locator '//*[@id="main-wrapper"]/header/nav/div[2]/ul[2]/li/a' not found.</msg>
<status status="FAIL" starttime="20221207 23:26:33.597" endtime="20221207 23:26:33.678"/>
</kw>
<status status="FAIL" starttime="20221207 23:26:31.582" endtime="20221207 23:26:33.678"/>
</kw>
<kw name="Input Text" library="SeleniumLibrary">
<arg>id:u_email</arg>
<arg>${Username}</arg>
<doc>Types the given ``text`` into the text field identified by ``locator``.</doc>
<status status="NOT RUN" starttime="20221207 23:26:33.678" endtime="20221207 23:26:33.678"/>
</kw>
<kw name="Input Text" library="SeleniumLibrary">
<arg>id:u_password</arg>
<arg>${Password}</arg>
<doc>Types the given ``text`` into the text field identified by ``locator``.</doc>
<status status="NOT RUN" starttime="20221207 23:26:33.678" endtime="20221207 23:26:33.678"/>
</kw>
<kw name="Click to Login">
<status status="NOT RUN" starttime="20221207 23:26:33.678" endtime="20221207 23:26:33.678"/>
</kw>
<kw name="Click Sidebar Resiponse Project">
<status status="NOT RUN" starttime="20221207 23:26:33.678" endtime="20221207 23:26:33.678"/>
</kw>
<kw name="Click button Change Password">
<status status="NOT RUN" starttime="20221207 23:26:33.686" endtime="20221207 23:26:33.686"/>
</kw>
<kw name="Change Password">
<status status="NOT RUN" starttime="20221207 23:26:33.686" endtime="20221207 23:26:33.686"/>
</kw>
<kw name="Close Browser Page">
<status status="NOT RUN" starttime="20221207 23:26:33.686" endtime="20221207 23:26:33.686"/>
</kw>
<status status="FAIL" starttime="20221207 23:26:28.568" endtime="20221207 23:26:33.686">Element with locator '//*[@id="main-wrapper"]/header/nav/div[2]/ul[2]/li/a' not found.</status>
</test>
<test id="s1-t2" name="Change Password Because Input Password Not Match" line="121">
<kw name="Open file Excel">
<kw name="Open Excel" library="ExcelRobot">
<arg>C:\\xampp\\htdocs\\automateTestTeam0\\Admin\\test_change_password_employee\\test_data.xlsx</arg>
<doc>Opens the Excel file to read from the path provided in the file path parameter.</doc>
<msg timestamp="20221207 23:26:33.694" level="INFO">Opening file at C:\xampp\htdocs\automateTestTeam0\Admin\test_change_password_employee\test_data.xlsx</msg>
<status status="PASS" starttime="20221207 23:26:33.694" endtime="20221207 23:26:33.702"/>
</kw>
<status status="PASS" starttime="20221207 23:26:33.686" endtime="20221207 23:26:33.702"/>
</kw>
<kw name="Read Cell Data" library="ExcelRobot">
<var>${Username}</var>
<arg>Admin</arg>
<arg>0</arg>
<arg>1</arg>
<doc>Uses the column and row to return the data from that cell.</doc>
<msg timestamp="20221207 23:26:33.702" level="INFO">${Username} = test@gmail.com</msg>
<status status="PASS" starttime="20221207 23:26:33.702" endtime="20221207 23:26:33.702"/>
</kw>
<kw name="Read Cell Data" library="ExcelRobot">
<var>${Password}</var>
<arg>Admin</arg>
<arg>1</arg>
<arg>1</arg>
<doc>Uses the column and row to return the data from that cell.</doc>
<msg timestamp="20221207 23:26:33.702" level="INFO">${Password} = kajorn.n</msg>
<status status="PASS" starttime="20221207 23:26:33.702" endtime="20221207 23:26:33.702"/>
</kw>
<kw name="Open Project Monitoring System">
<kw name="Open Browser" library="SeleniumLibrary">
<arg>${URL}</arg>
<arg>${BROWSER}</arg>
<doc>Opens a new browser instance to the optional ``url``.</doc>
<msg timestamp="20221207 23:26:33.702" level="INFO">Opening browser 'Google Chrome' to base url 'http://dekdee2.informatics.buu.ac.th:9080/team0/'.</msg>
<status status="PASS" starttime="20221207 23:26:33.702" endtime="20221207 23:26:36.245"/>
</kw>
<kw name="Maximize Browser Window" library="SeleniumLibrary">
<doc>Maximizes current browser window.</doc>
<msg timestamp="20221207 23:26:36.253" level="WARN">Keyword 'Capture Page Screenshot' could not be run on failure: Message: no such window: target window already closed
from unknown error: web view not found
  (Session info: chrome=108.0.5359.95)
Stacktrace:
Backtrace:
	(No symbol) [0x008FF243]
	(No symbol) [0x00887FD1]
	(No symbol) [0x0077D04D]
	(No symbol) [0x00762D7A]
	(No symbol) [0x007CBE7B]
	(No symbol) [0x007DC196]
	(No symbol) [0x007C8386]
	(No symbol) [0x007A163C]
	(No symbol) [0x007A269D]
	GetHandleVerifier [0x00B99A22+2655074]
	GetHandleVerifier [0x00B8CA24+2601828]
	GetHandleVerifier [0x009A8C0A+619850]
	GetHandleVerifier [0x009A7830+614768]
	(No symbol) [0x008905FC]
	(No symbol) [0x00895968]
	(No symbol) [0x00895A55]
	(No symbol) [0x008A051B]
	BaseThreadInitThunk [0x76357BA9+25]
	RtlInitializeExceptionChain [0x777EBB9B+107]
	RtlClearBits [0x777EBB1F+191]
</msg>
<msg timestamp="20221207 23:26:36.253" level="FAIL">NoSuchWindowException: Message: no such window: target window already closed
from unknown error: web view not found
  (Session info: chrome=108.0.5359.95)
Stacktrace:
Backtrace:
	(No symbol) [0x008FF243]
	(No symbol) [0x00887FD1]
	(No symbol) [0x0077D04D]
	(No symbol) [0x00762D7A]
	(No symbol) [0x007CBE7B]
	(No symbol) [0x007DC196]
	(No symbol) [0x007C8386]
	(No symbol) [0x007A163C]
	(No symbol) [0x007A269D]
	GetHandleVerifier [0x00B99A22+2655074]
	GetHandleVerifier [0x00B8CA24+2601828]
	GetHandleVerifier [0x009A8C0A+619850]
	GetHandleVerifier [0x009A7830+614768]
	(No symbol) [0x008905FC]
	(No symbol) [0x00895968]
	(No symbol) [0x00895A55]
	(No symbol) [0x008A051B]
	BaseThreadInitThunk [0x76357BA9+25]
	RtlInitializeExceptionChain [0x777EBB9B+107]
	RtlClearBits [0x777EBB1F+191]
</msg>
<status status="FAIL" starttime="20221207 23:26:36.245" endtime="20221207 23:26:36.261"/>
</kw>
<status status="FAIL" starttime="20221207 23:26:33.702" endtime="20221207 23:26:36.261"/>
</kw>
<kw name="Click Menu Login">
<status status="NOT RUN" starttime="20221207 23:26:36.261" endtime="20221207 23:26:36.261"/>
</kw>
<kw name="Input Text" library="SeleniumLibrary">
<arg>id:u_email</arg>
<arg>${Username}</arg>
<doc>Types the given ``text`` into the text field identified by ``locator``.</doc>
<status status="NOT RUN" starttime="20221207 23:26:36.261" endtime="20221207 23:26:36.261"/>
</kw>
<kw name="Input Text" library="SeleniumLibrary">
<arg>id:u_password</arg>
<arg>${Password}</arg>
<doc>Types the given ``text`` into the text field identified by ``locator``.</doc>
<status status="NOT RUN" starttime="20221207 23:26:36.261" endtime="20221207 23:26:36.261"/>
</kw>
<kw name="Click to Login">
<status status="NOT RUN" starttime="20221207 23:26:36.261" endtime="20221207 23:26:36.261"/>
</kw>
<kw name="Click Sidebar Resiponse Project">
<status status="NOT RUN" starttime="20221207 23:26:36.261" endtime="20221207 23:26:36.261"/>
</kw>
<kw name="Click button Change Password">
<status status="NOT RUN" starttime="20221207 23:26:36.261" endtime="20221207 23:26:36.261"/>
</kw>
<kw name="Change Password Not Match">
<status status="NOT RUN" starttime="20221207 23:26:36.261" endtime="20221207 23:26:36.261"/>
</kw>
<kw name="Close Browser Page">
<status status="NOT RUN" starttime="20221207 23:26:36.261" endtime="20221207 23:26:36.269"/>
</kw>
<status status="FAIL" starttime="20221207 23:26:33.686" endtime="20221207 23:26:36.269">NoSuchWindowException: Message: no such window: target window already closed
from unknown error: web view not found
  (Session info: chrome=108.0.5359.95)
Stacktrace:
Backtrace:
	(No symbol) [0x008FF243]
	(No symbol) [0x00887FD1]
	(No symbol) [0x0077D04D]
	(No symbol) [0x00762D7A]
	(No symbol) [0x007CBE7B]
	(No symbol) [0x007DC196]
	(No symbol) [0x007C8386]
	(No symbol) [0x007A163C]
	(No symbol) [0x007A269D]
	GetHandleVerifier [0x00B99A22+2655074]
	GetHandleVerifier [0x00B8CA24+2601828]
	GetHandleVerifier [0x009A8C0A+619850]
	GetHandleVerifier [0x009A7830+614768]
	(No symbol) [0x008905FC]
	(No symbol) [0x00895968]
	(No symbol) [0x00895A55]
	(No symbol) [0x008A051B]
	BaseThreadInitThunk [0x76357BA9+25]
	RtlInitializeExceptionChain [0x777EBB9B+107]
	RtlClearBits [0x777EBB1F+191]
</status>
</test>
<status status="FAIL" starttime="20221207 23:26:27.563" endtime="20221207 23:26:36.269"/>
</suite>
<statistics>
<total>
<stat pass="0" fail="2" skip="0">All Tests</stat>
</total>
<tag>
</tag>
<suite>
<stat pass="0" fail="2" skip="0" id="s1" name="TestChangePasswordEmployee">TestChangePasswordEmployee</stat>
</suite>
</statistics>
<errors>
<msg timestamp="20221207 23:26:33.662" level="WARN">Keyword 'Capture Page Screenshot' could not be run on failure: Message: no such window: target window already closed
from unknown error: web view not found
  (Session info: chrome=108.0.5359.95)
Stacktrace:
Backtrace:
	(No symbol) [0x008FF243]
	(No symbol) [0x00887FD1]
	(No symbol) [0x0077D04D]
	(No symbol) [0x00762D7A]
	(No symbol) [0x007CBE7B]
	(No symbol) [0x007DC196]
	(No symbol) [0x007C8386]
	(No symbol) [0x007A163C]
	(No symbol) [0x007A269D]
	GetHandleVerifier [0x00B99A22+2655074]
	GetHandleVerifier [0x00B8CA24+2601828]
	GetHandleVerifier [0x009A8C0A+619850]
	GetHandleVerifier [0x009A7830+614768]
	(No symbol) [0x008905FC]
	(No symbol) [0x00895968]
	(No symbol) [0x00895A55]
	(No symbol) [0x008A051B]
	BaseThreadInitThunk [0x76357BA9+25]
	RtlInitializeExceptionChain [0x777EBB9B+107]
	RtlClearBits [0x777EBB1F+191]
</msg>
<msg timestamp="20221207 23:26:36.253" level="WARN">Keyword 'Capture Page Screenshot' could not be run on failure: Message: no such window: target window already closed
from unknown error: web view not found
  (Session info: chrome=108.0.5359.95)
Stacktrace:
Backtrace:
	(No symbol) [0x008FF243]
	(No symbol) [0x00887FD1]
	(No symbol) [0x0077D04D]
	(No symbol) [0x00762D7A]
	(No symbol) [0x007CBE7B]
	(No symbol) [0x007DC196]
	(No symbol) [0x007C8386]
	(No symbol) [0x007A163C]
	(No symbol) [0x007A269D]
	GetHandleVerifier [0x00B99A22+2655074]
	GetHandleVerifier [0x00B8CA24+2601828]
	GetHandleVerifier [0x009A8C0A+619850]
	GetHandleVerifier [0x009A7830+614768]
	(No symbol) [0x008905FC]
	(No symbol) [0x00895968]
	(No symbol) [0x00895A55]
	(No symbol) [0x008A051B]
	BaseThreadInitThunk [0x76357BA9+25]
	RtlInitializeExceptionChain [0x777EBB9B+107]
	RtlClearBits [0x777EBB1F+191]
</msg>
</errors>
</robot>
