<?xml version="1.0" encoding="UTF-8"?>
<robot generator="Robot 5.0.1 (Python 3.10.5 on win32)" generated="20230221 22:49:58.685" rpa="false" schemaversion="3">
<suite id="s1" name="TestAddEmployee" source="C:\xampp\htdocs\automateTestTeam0\employee2\test_add_employee\TestAddEmployee.robot">
<test id="s1-t1" name="Add Employee Success" line="74">
<kw name="Open file Excel">
<kw name="Open Excel" library="ExcelRobot">
<arg>C:\\xampp\\htdocs\\automateTestTeam0\\employee2\\test_add_employee\\test_data.xlsx</arg>
<doc>Opens the Excel file to read from the path provided in the file path parameter.</doc>
<msg timestamp="20230221 22:49:59.144" level="INFO">Opening file at C:\xampp\htdocs\automateTestTeam0\employee2\test_add_employee\test_data.xlsx</msg>
<status status="PASS" starttime="20230221 22:49:59.144" endtime="20230221 22:49:59.148"/>
</kw>
<status status="PASS" starttime="20230221 22:49:59.144" endtime="20230221 22:49:59.148"/>
</kw>
<kw name="Read Cell Data" library="ExcelRobot">
<var>${Username}</var>
<arg>Project Manager</arg>
<arg>0</arg>
<arg>1</arg>
<doc>Uses the column and row to return the data from that cell.</doc>
<msg timestamp="20230221 22:49:59.149" level="INFO">${Username} = sunisa.su@gmail.com	</msg>
<status status="PASS" starttime="20230221 22:49:59.149" endtime="20230221 22:49:59.149"/>
</kw>
<kw name="Read Cell Data" library="ExcelRobot">
<var>${Password}</var>
<arg>Project Manager</arg>
<arg>1</arg>
<arg>1</arg>
<doc>Uses the column and row to return the data from that cell.</doc>
<msg timestamp="20230221 22:49:59.149" level="INFO">${Password} = sunisa.s</msg>
<status status="PASS" starttime="20230221 22:49:59.149" endtime="20230221 22:49:59.149"/>
</kw>
<kw name="Open file Excel">
<kw name="Open Excel" library="ExcelRobot">
<arg>C:\\xampp\\htdocs\\automateTestTeam0\\employee2\\test_add_employee\\test_data.xlsx</arg>
<doc>Opens the Excel file to read from the path provided in the file path parameter.</doc>
<msg timestamp="20230221 22:49:59.150" level="INFO">Opening file at C:\xampp\htdocs\automateTestTeam0\employee2\test_add_employee\test_data.xlsx</msg>
<status status="PASS" starttime="20230221 22:49:59.150" endtime="20230221 22:49:59.153"/>
</kw>
<status status="PASS" starttime="20230221 22:49:59.150" endtime="20230221 22:49:59.154"/>
</kw>
<kw name="Read Cell Data" library="ExcelRobot">
<var>${Username}</var>
<arg>Project Manager</arg>
<arg>0</arg>
<arg>1</arg>
<doc>Uses the column and row to return the data from that cell.</doc>
<msg timestamp="20230221 22:49:59.155" level="INFO">${Username} = sunisa.su@gmail.com	</msg>
<status status="PASS" starttime="20230221 22:49:59.154" endtime="20230221 22:49:59.155"/>
</kw>
<kw name="Read Cell Data" library="ExcelRobot">
<var>${Password}</var>
<arg>Project Manager</arg>
<arg>1</arg>
<arg>1</arg>
<doc>Uses the column and row to return the data from that cell.</doc>
<msg timestamp="20230221 22:49:59.155" level="INFO">${Password} = sunisa.s</msg>
<status status="PASS" starttime="20230221 22:49:59.155" endtime="20230221 22:49:59.155"/>
</kw>
<kw name="Open Project Monitoring System">
<kw name="Open Browser" library="SeleniumLibrary">
<arg>${URL}</arg>
<arg>${BROWSER}</arg>
<doc>Opens a new browser instance to the optional ``url``.</doc>
<msg timestamp="20230221 22:49:59.156" level="INFO">Opening browser 'Google Chrome' to base url 'http://dekdee2.informatics.buu.ac.th:9080/team0/'.</msg>
<status status="PASS" starttime="20230221 22:49:59.156" endtime="20230221 22:50:01.675"/>
</kw>
<kw name="Maximize Browser Window" library="SeleniumLibrary">
<doc>Maximizes current browser window.</doc>
<status status="PASS" starttime="20230221 22:50:01.675" endtime="20230221 22:50:01.853"/>
</kw>
<status status="PASS" starttime="20230221 22:49:59.155" endtime="20230221 22:50:01.854"/>
</kw>
<kw name="Click Menu Login">
<kw name="Sleep" library="BuiltIn">
<arg>2s</arg>
<doc>Pauses the test executed for the given time.</doc>
<msg timestamp="20230221 22:50:03.865" level="INFO">Slept 2 seconds</msg>
<status status="PASS" starttime="20230221 22:50:01.856" endtime="20230221 22:50:03.865"/>
</kw>
<kw name="Click Element" library="SeleniumLibrary">
<arg>//*[@class="nav-link waves-effect waves-dark profile-pic fs-5"]</arg>
<doc>Click the element identified by ``locator``.</doc>
<msg timestamp="20230221 22:50:03.865" level="INFO">Clicking element '//*[@class="nav-link waves-effect waves-dark profile-pic fs-5"]'.</msg>
<status status="PASS" starttime="20230221 22:50:03.865" endtime="20230221 22:50:03.895"/>
</kw>
<status status="PASS" starttime="20230221 22:50:01.855" endtime="20230221 22:50:03.896"/>
</kw>
<kw name="Sleep" library="BuiltIn">
<arg>1s</arg>
<doc>Pauses the test executed for the given time.</doc>
<msg timestamp="20230221 22:50:04.911" level="INFO">Slept 1 second</msg>
<status status="PASS" starttime="20230221 22:50:03.896" endtime="20230221 22:50:04.911"/>
</kw>
<kw name="Input Text" library="SeleniumLibrary">
<arg>id:u_email</arg>
<arg>${Username}</arg>
<doc>Types the given ``text`` into the text field identified by ``locator``.</doc>
<msg timestamp="20230221 22:50:04.912" level="INFO">Typing text 'sunisa.su@gmail.com	' into text field 'id:u_email'.</msg>
<status status="PASS" starttime="20230221 22:50:04.912" endtime="20230221 22:50:04.991"/>
</kw>
<kw name="Input Text" library="SeleniumLibrary">
<arg>id:u_password</arg>
<arg>${Password}</arg>
<doc>Types the given ``text`` into the text field identified by ``locator``.</doc>
<msg timestamp="20230221 22:50:04.991" level="INFO">Typing text 'sunisa.s' into text field 'id:u_password'.</msg>
<status status="PASS" starttime="20230221 22:50:04.991" endtime="20230221 22:50:05.047"/>
</kw>
<kw name="Click to Login">
<kw name="Sleep" library="BuiltIn">
<arg>2s</arg>
<doc>Pauses the test executed for the given time.</doc>
<msg timestamp="20230221 22:50:07.052" level="INFO">Slept 2 seconds</msg>
<status status="PASS" starttime="20230221 22:50:05.047" endtime="20230221 22:50:07.052"/>
</kw>
<kw name="Click Element" library="SeleniumLibrary">
<arg>//*[@id="loginBtn"]</arg>
<doc>Click the element identified by ``locator``.</doc>
<msg timestamp="20230221 22:50:07.052" level="INFO">Clicking element '//*[@id="loginBtn"]'.</msg>
<status status="PASS" starttime="20230221 22:50:07.052" endtime="20230221 22:50:07.083"/>
</kw>
<status status="PASS" starttime="20230221 22:50:05.047" endtime="20230221 22:50:07.083"/>
</kw>
<kw name="Click Sidebar Resiponse Project">
<kw name="Sleep" library="BuiltIn">
<arg>2s</arg>
<doc>Pauses the test executed for the given time.</doc>
<msg timestamp="20230221 22:50:09.087" level="INFO">Slept 2 seconds</msg>
<status status="PASS" starttime="20230221 22:50:07.084" endtime="20230221 22:50:09.087"/>
</kw>
<kw name="Click Element" library="SeleniumLibrary">
<arg>//*[@id="sidebarnav"]/li[2]/a</arg>
<doc>Click the element identified by ``locator``.</doc>
<msg timestamp="20230221 22:50:09.088" level="INFO">Clicking element '//*[@id="sidebarnav"]/li[2]/a'.</msg>
<status status="PASS" starttime="20230221 22:50:09.087" endtime="20230221 22:50:09.123"/>
</kw>
<kw name="Click Element" library="SeleniumLibrary">
<arg>//*[@id="sidebarnav"]/li[2]/ul/li[2]/a</arg>
<doc>Click the element identified by ``locator``.</doc>
<msg timestamp="20230221 22:50:09.124" level="INFO">Clicking element '//*[@id="sidebarnav"]/li[2]/ul/li[2]/a'.</msg>
<status status="PASS" starttime="20230221 22:50:09.123" endtime="20230221 22:50:09.435"/>
</kw>
<status status="PASS" starttime="20230221 22:50:07.084" endtime="20230221 22:50:09.436"/>
</kw>
<kw name="Click Manage Activities In Project">
<kw name="Sleep" library="BuiltIn">
<arg>2s</arg>
<doc>Pauses the test executed for the given time.</doc>
<msg timestamp="20230221 22:50:11.443" level="INFO">Slept 2 seconds</msg>
<status status="PASS" starttime="20230221 22:50:09.437" endtime="20230221 22:50:11.443"/>
</kw>
<kw name="Click Element" library="SeleniumLibrary">
<arg>xpath=/html/body/div[2]/div/div/div[2]/div/div/div/div/div/div/table/tbody/tr[1]/td[6]/a</arg>
<doc>Click the element identified by ``locator``.</doc>
<msg timestamp="20230221 22:50:11.443" level="INFO">Clicking element 'xpath=/html/body/div[2]/div/div/div[2]/div/div/div/div/div/div/table/tbody/tr[1]/td[6]/a'.</msg>
<status status="PASS" starttime="20230221 22:50:11.443" endtime="20230221 22:50:12.219"/>
</kw>
<status status="PASS" starttime="20230221 22:50:09.436" endtime="20230221 22:50:12.219"/>
</kw>
<kw name="Sleep" library="BuiltIn">
<arg>1s</arg>
<doc>Pauses the test executed for the given time.</doc>
<msg timestamp="20230221 22:50:13.227" level="INFO">Slept 1 second</msg>
<status status="PASS" starttime="20230221 22:50:12.220" endtime="20230221 22:50:13.227"/>
</kw>
<kw name="Click Add Employee In Project">
<kw name="Click Element" library="SeleniumLibrary">
<arg>//*[@id="permission-tab"]</arg>
<doc>Click the element identified by ``locator``.</doc>
<msg timestamp="20230221 22:50:13.228" level="INFO">Clicking element '//*[@id="permission-tab"]'.</msg>
<status status="PASS" starttime="20230221 22:50:13.228" endtime="20230221 22:50:13.268"/>
</kw>
<kw name="Sleep" library="BuiltIn">
<arg>2s</arg>
<doc>Pauses the test executed for the given time.</doc>
<msg timestamp="20230221 22:50:15.272" level="INFO">Slept 2 seconds</msg>
<status status="PASS" starttime="20230221 22:50:13.268" endtime="20230221 22:50:15.272"/>
</kw>
<kw name="Click Element" library="SeleniumLibrary">
<arg>//*[@id="permission"]/div/div/div/div/button</arg>
<doc>Click the element identified by ``locator``.</doc>
<msg timestamp="20230221 22:50:15.273" level="INFO">Clicking element '//*[@id="permission"]/div/div/div/div/button'.</msg>
<status status="PASS" starttime="20230221 22:50:15.272" endtime="20230221 22:50:15.301"/>
</kw>
<status status="PASS" starttime="20230221 22:50:13.228" endtime="20230221 22:50:15.301"/>
</kw>
<kw name="Click Add Employee">
<kw name="Sleep" library="BuiltIn">
<arg>2s</arg>
<doc>Pauses the test executed for the given time.</doc>
<msg timestamp="20230221 22:50:17.308" level="INFO">Slept 2 seconds</msg>
<status status="PASS" starttime="20230221 22:50:15.302" endtime="20230221 22:50:17.308"/>
</kw>
<kw name="Click Element" library="SeleniumLibrary">
<arg>xpath=/html/body/div[4]/div/div/div[2]/div/div/div/div/div/table/tbody/tr[1]/td[4]/button</arg>
<doc>Click the element identified by ``locator``.</doc>
<msg timestamp="20230221 22:50:17.308" level="INFO">Clicking element 'xpath=/html/body/div[4]/div/div/div[2]/div/div/div/div/div/table/tbody/tr[1]/td[4]/button'.</msg>
<status status="PASS" starttime="20230221 22:50:17.308" endtime="20230221 22:50:17.346"/>
</kw>
<status status="PASS" starttime="20230221 22:50:15.302" endtime="20230221 22:50:17.347"/>
</kw>
<kw name="Click Close Add Employee">
<kw name="Sleep" library="BuiltIn">
<arg>2s</arg>
<doc>Pauses the test executed for the given time.</doc>
<msg timestamp="20230221 22:50:19.361" level="INFO">Slept 2 seconds</msg>
<status status="PASS" starttime="20230221 22:50:17.348" endtime="20230221 22:50:19.361"/>
</kw>
<kw name="Click Element" library="SeleniumLibrary">
<arg>xpath=/html/body/div[4]/div/div/div[3]/button</arg>
<doc>Click the element identified by ``locator``.</doc>
<msg timestamp="20230221 22:50:19.362" level="INFO">Clicking element 'xpath=/html/body/div[4]/div/div/div[3]/button'.</msg>
<status status="PASS" starttime="20230221 22:50:19.361" endtime="20230221 22:50:19.396"/>
</kw>
<status status="PASS" starttime="20230221 22:50:17.348" endtime="20230221 22:50:19.396"/>
</kw>
<kw name="Close Browser Page">
<kw name="Sleep" library="BuiltIn">
<arg>3s</arg>
<doc>Pauses the test executed for the given time.</doc>
<msg timestamp="20230221 22:50:22.397" level="INFO">Slept 3 seconds</msg>
<status status="PASS" starttime="20230221 22:50:19.396" endtime="20230221 22:50:22.397"/>
</kw>
<kw name="Close Browser" library="SeleniumLibrary">
<doc>Closes the current browser.</doc>
<status status="PASS" starttime="20230221 22:50:22.397" endtime="20230221 22:50:24.536"/>
</kw>
<status status="PASS" starttime="20230221 22:50:19.396" endtime="20230221 22:50:24.536"/>
</kw>
<status status="PASS" starttime="20230221 22:49:59.143" endtime="20230221 22:50:24.537"/>
</test>
<test id="s1-t2" name="Add Employee Wrong Because Click Add Double Click" line="95">
<kw name="Open file Excel">
<kw name="Open Excel" library="ExcelRobot">
<arg>C:\\xampp\\htdocs\\automateTestTeam0\\employee2\\test_add_employee\\test_data.xlsx</arg>
<doc>Opens the Excel file to read from the path provided in the file path parameter.</doc>
<msg timestamp="20230221 22:50:24.539" level="INFO">Opening file at C:\xampp\htdocs\automateTestTeam0\employee2\test_add_employee\test_data.xlsx</msg>
<status status="PASS" starttime="20230221 22:50:24.539" endtime="20230221 22:50:24.541"/>
</kw>
<status status="PASS" starttime="20230221 22:50:24.539" endtime="20230221 22:50:24.542"/>
</kw>
<kw name="Read Cell Data" library="ExcelRobot">
<var>${Username}</var>
<arg>Project Manager</arg>
<arg>0</arg>
<arg>1</arg>
<doc>Uses the column and row to return the data from that cell.</doc>
<msg timestamp="20230221 22:50:24.542" level="INFO">${Username} = sunisa.su@gmail.com	</msg>
<status status="PASS" starttime="20230221 22:50:24.542" endtime="20230221 22:50:24.542"/>
</kw>
<kw name="Read Cell Data" library="ExcelRobot">
<var>${Password}</var>
<arg>Project Manager</arg>
<arg>1</arg>
<arg>1</arg>
<doc>Uses the column and row to return the data from that cell.</doc>
<msg timestamp="20230221 22:50:24.542" level="INFO">${Password} = sunisa.s</msg>
<status status="PASS" starttime="20230221 22:50:24.542" endtime="20230221 22:50:24.542"/>
</kw>
<kw name="Open Project Monitoring System">
<kw name="Open Browser" library="SeleniumLibrary">
<arg>${URL}</arg>
<arg>${BROWSER}</arg>
<doc>Opens a new browser instance to the optional ``url``.</doc>
<msg timestamp="20230221 22:50:24.543" level="INFO">Opening browser 'Google Chrome' to base url 'http://dekdee2.informatics.buu.ac.th:9080/team0/'.</msg>
<status status="PASS" starttime="20230221 22:50:24.543" endtime="20230221 22:50:26.989"/>
</kw>
<kw name="Maximize Browser Window" library="SeleniumLibrary">
<doc>Maximizes current browser window.</doc>
<status status="PASS" starttime="20230221 22:50:26.990" endtime="20230221 22:50:27.148"/>
</kw>
<status status="PASS" starttime="20230221 22:50:24.542" endtime="20230221 22:50:27.149"/>
</kw>
<kw name="Click Menu Login">
<kw name="Sleep" library="BuiltIn">
<arg>2s</arg>
<doc>Pauses the test executed for the given time.</doc>
<msg timestamp="20230221 22:50:29.160" level="INFO">Slept 2 seconds</msg>
<status status="PASS" starttime="20230221 22:50:27.149" endtime="20230221 22:50:29.160"/>
</kw>
<kw name="Click Element" library="SeleniumLibrary">
<arg>//*[@class="nav-link waves-effect waves-dark profile-pic fs-5"]</arg>
<doc>Click the element identified by ``locator``.</doc>
<msg timestamp="20230221 22:50:29.160" level="INFO">Clicking element '//*[@class="nav-link waves-effect waves-dark profile-pic fs-5"]'.</msg>
<msg timestamp="20230221 22:50:29.162" level="WARN">Keyword 'Capture Page Screenshot' could not be run on failure: Message: no such window: target window already closed
from unknown error: web view not found
  (Session info: chrome=110.0.5481.104)
Stacktrace:
Backtrace:
	(No symbol) [0x003D37D3]
	(No symbol) [0x00368B81]
	(No symbol) [0x0026B36D]
	(No symbol) [0x0024E5DA]
	(No symbol) [0x002BF0CB]
	(No symbol) [0x002D0A56]
	(No symbol) [0x002BB216]
	(No symbol) [0x00290D97]
	(No symbol) [0x0029253D]
	GetHandleVerifier [0x0064ABF2+2510930]
	GetHandleVerifier [0x00678EC1+2700065]
	GetHandleVerifier [0x0067C86C+2714828]
	GetHandleVerifier [0x00483480+645344]
	(No symbol) [0x00370FD2]
	(No symbol) [0x00376C68]
	(No symbol) [0x00376D4B]
	(No symbol) [0x00380D6B]
	BaseThreadInitThunk [0x76747D69+25]
	RtlInitializeExceptionChain [0x76EDBB9B+107]
	RtlClearBits [0x76EDBB1F+191]
</msg>
<msg timestamp="20230221 22:50:29.165" level="FAIL">NoSuchWindowException: Message: no such window: target window already closed
from unknown error: web view not found
  (Session info: chrome=110.0.5481.104)
Stacktrace:
Backtrace:
	(No symbol) [0x003D37D3]
	(No symbol) [0x00368B81]
	(No symbol) [0x0026B36D]
	(No symbol) [0x0024E5DA]
	(No symbol) [0x002BF0CB]
	(No symbol) [0x002D0A56]
	(No symbol) [0x002BB216]
	(No symbol) [0x00290D97]
	(No symbol) [0x0029253D]
	GetHandleVerifier [0x0064ABF2+2510930]
	GetHandleVerifier [0x00678EC1+2700065]
	GetHandleVerifier [0x0067C86C+2714828]
	GetHandleVerifier [0x00483480+645344]
	(No symbol) [0x00370FD2]
	(No symbol) [0x00376C68]
	(No symbol) [0x00376D4B]
	(No symbol) [0x00380D6B]
	BaseThreadInitThunk [0x76747D69+25]
	RtlInitializeExceptionChain [0x76EDBB9B+107]
	RtlClearBits [0x76EDBB1F+191]
</msg>
<status status="FAIL" starttime="20230221 22:50:29.160" endtime="20230221 22:50:29.167"/>
</kw>
<status status="FAIL" starttime="20230221 22:50:27.149" endtime="20230221 22:50:29.167"/>
</kw>
<kw name="Sleep" library="BuiltIn">
<arg>1s</arg>
<doc>Pauses the test executed for the given time.</doc>
<status status="NOT RUN" starttime="20230221 22:50:29.167" endtime="20230221 22:50:29.167"/>
</kw>
<kw name="Input Text" library="SeleniumLibrary">
<arg>id:u_email</arg>
<arg>${Username}</arg>
<doc>Types the given ``text`` into the text field identified by ``locator``.</doc>
<status status="NOT RUN" starttime="20230221 22:50:29.168" endtime="20230221 22:50:29.168"/>
</kw>
<kw name="Input Text" library="SeleniumLibrary">
<arg>id:u_password</arg>
<arg>${Password}</arg>
<doc>Types the given ``text`` into the text field identified by ``locator``.</doc>
<status status="NOT RUN" starttime="20230221 22:50:29.168" endtime="20230221 22:50:29.168"/>
</kw>
<kw name="Click to Login">
<status status="NOT RUN" starttime="20230221 22:50:29.168" endtime="20230221 22:50:29.168"/>
</kw>
<kw name="Click Sidebar Resiponse Project">
<status status="NOT RUN" starttime="20230221 22:50:29.168" endtime="20230221 22:50:29.168"/>
</kw>
<kw name="Click Manage Activities In Project">
<status status="NOT RUN" starttime="20230221 22:50:29.168" endtime="20230221 22:50:29.168"/>
</kw>
<kw name="Sleep" library="BuiltIn">
<arg>1s</arg>
<doc>Pauses the test executed for the given time.</doc>
<status status="NOT RUN" starttime="20230221 22:50:29.168" endtime="20230221 22:50:29.168"/>
</kw>
<kw name="Click Add Employee In Project">
<status status="NOT RUN" starttime="20230221 22:50:29.169" endtime="20230221 22:50:29.169"/>
</kw>
<kw name="Click Add Employee">
<status status="NOT RUN" starttime="20230221 22:50:29.169" endtime="20230221 22:50:29.169"/>
</kw>
<kw name="Click Add Employee Double Click">
<status status="NOT RUN" starttime="20230221 22:50:29.169" endtime="20230221 22:50:29.169"/>
</kw>
<kw name="Click Close Add Employee">
<status status="NOT RUN" starttime="20230221 22:50:29.169" endtime="20230221 22:50:29.169"/>
</kw>
<kw name="Close Browser Page">
<status status="NOT RUN" starttime="20230221 22:50:29.169" endtime="20230221 22:50:29.169"/>
</kw>
<status status="FAIL" starttime="20230221 22:50:24.538" endtime="20230221 22:50:29.170">NoSuchWindowException: Message: no such window: target window already closed
from unknown error: web view not found
  (Session info: chrome=110.0.5481.104)
Stacktrace:
Backtrace:
	(No symbol) [0x003D37D3]
	(No symbol) [0x00368B81]
	(No symbol) [0x0026B36D]
	(No symbol) [0x0024E5DA]
	(No symbol) [0x002BF0CB]
	(No symbol) [0x002D0A56]
	(No symbol) [0x002BB216]
	(No symbol) [0x00290D97]
	(No symbol) [0x0029253D]
	GetHandleVerifier [0x0064ABF2+2510930]
	GetHandleVerifier [0x00678EC1+2700065]
	GetHandleVerifier [0x0067C86C+2714828]
	GetHandleVerifier [0x00483480+645344]
	(No symbol) [0x00370FD2]
	(No symbol) [0x00376C68]
	(No symbol) [0x00376D4B]
	(No symbol) [0x00380D6B]
	BaseThreadInitThunk [0x76747D69+25]
	RtlInitializeExceptionChain [0x76EDBB9B+107]
	RtlClearBits [0x76EDBB1F+191]
</status>
</test>
<status status="FAIL" starttime="20230221 22:49:58.686" endtime="20230221 22:50:29.172"/>
</suite>
<statistics>
<total>
<stat pass="1" fail="1" skip="0">All Tests</stat>
</total>
<tag>
</tag>
<suite>
<stat pass="1" fail="1" skip="0" id="s1" name="TestAddEmployee">TestAddEmployee</stat>
</suite>
</statistics>
<errors>
<msg timestamp="20230221 22:50:29.162" level="WARN">Keyword 'Capture Page Screenshot' could not be run on failure: Message: no such window: target window already closed
from unknown error: web view not found
  (Session info: chrome=110.0.5481.104)
Stacktrace:
Backtrace:
	(No symbol) [0x003D37D3]
	(No symbol) [0x00368B81]
	(No symbol) [0x0026B36D]
	(No symbol) [0x0024E5DA]
	(No symbol) [0x002BF0CB]
	(No symbol) [0x002D0A56]
	(No symbol) [0x002BB216]
	(No symbol) [0x00290D97]
	(No symbol) [0x0029253D]
	GetHandleVerifier [0x0064ABF2+2510930]
	GetHandleVerifier [0x00678EC1+2700065]
	GetHandleVerifier [0x0067C86C+2714828]
	GetHandleVerifier [0x00483480+645344]
	(No symbol) [0x00370FD2]
	(No symbol) [0x00376C68]
	(No symbol) [0x00376D4B]
	(No symbol) [0x00380D6B]
	BaseThreadInitThunk [0x76747D69+25]
	RtlInitializeExceptionChain [0x76EDBB9B+107]
	RtlClearBits [0x76EDBB1F+191]
</msg>
</errors>
</robot>
