<?xml version="1.0" encoding="UTF-8"?>
<robot generator="Robot 5.0.1 (Python 3.10.5 on win32)" generated="20230220 22:52:50.212" rpa="false" schemaversion="3">
<suite id="s1" name="delete taskInProject" source="C:\xampp\htdocs\automateTestTeam0\employee1\test_delete_taskInProject\delete_taskInProject.robot">
<test id="s1-t1" name="Delete Task in Project Success" line="48">
<kw name="Open file Excel">
<kw name="Open Excel" library="ExcelRobot">
<arg>C:\\xampp\\htdocs\\automateTestTeam0\\employee1\\test_delete_taskInProject\\test_data.xlsx</arg>
<doc>Opens the Excel file to read from the path provided in the file path parameter.</doc>
<msg timestamp="20230220 22:52:50.614" level="INFO">Opening file at C:\xampp\htdocs\automateTestTeam0\employee1\test_delete_taskInProject\test_data.xlsx</msg>
<status status="PASS" starttime="20230220 22:52:50.614" endtime="20230220 22:52:50.617"/>
</kw>
<status status="PASS" starttime="20230220 22:52:50.613" endtime="20230220 22:52:50.617"/>
</kw>
<kw name="Read Cell Data" library="ExcelRobot">
<var>${Username}</var>
<arg>Employee</arg>
<arg>0</arg>
<arg>1</arg>
<doc>Uses the column and row to return the data from that cell.</doc>
<msg timestamp="20230220 22:52:50.617" level="INFO">${Username} = suchada1512@gmail.com</msg>
<status status="PASS" starttime="20230220 22:52:50.617" endtime="20230220 22:52:50.617"/>
</kw>
<kw name="Read Cell Data" library="ExcelRobot">
<var>${Password}</var>
<arg>Employee</arg>
<arg>1</arg>
<arg>1</arg>
<doc>Uses the column and row to return the data from that cell.</doc>
<msg timestamp="20230220 22:52:50.618" level="INFO">${Password} = suchada</msg>
<status status="PASS" starttime="20230220 22:52:50.618" endtime="20230220 22:52:50.618"/>
</kw>
<kw name="Open Project Monitoring System">
<kw name="Open Browser" library="SeleniumLibrary">
<arg>${URL}</arg>
<arg>${BROWSER}</arg>
<doc>Opens a new browser instance to the optional ``url``.</doc>
<msg timestamp="20230220 22:52:50.618" level="INFO">Opening browser 'Google Chrome' to base url 'http://dekdee2.informatics.buu.ac.th:9080/team0/'.</msg>
<status status="PASS" starttime="20230220 22:52:50.618" endtime="20230220 22:52:52.466"/>
</kw>
<kw name="Maximize Browser Window" library="SeleniumLibrary">
<doc>Maximizes current browser window.</doc>
<status status="PASS" starttime="20230220 22:52:52.466" endtime="20230220 22:52:52.633"/>
</kw>
<status status="PASS" starttime="20230220 22:52:50.618" endtime="20230220 22:52:52.634"/>
</kw>
<kw name="Click Menu Login">
<kw name="Sleep" library="BuiltIn">
<arg>2s</arg>
<doc>Pauses the test executed for the given time.</doc>
<msg timestamp="20230220 22:52:54.638" level="INFO">Slept 2 seconds</msg>
<status status="PASS" starttime="20230220 22:52:52.637" endtime="20230220 22:52:54.638"/>
</kw>
<kw name="Click Element" library="SeleniumLibrary">
<arg>//*[@class="nav-link waves-effect waves-dark profile-pic fs-5"]</arg>
<doc>Click the element identified by ``locator``.</doc>
<msg timestamp="20230220 22:52:54.639" level="INFO">Clicking element '//*[@class="nav-link waves-effect waves-dark profile-pic fs-5"]'.</msg>
<status status="PASS" starttime="20230220 22:52:54.639" endtime="20230220 22:52:54.671"/>
</kw>
<status status="PASS" starttime="20230220 22:52:52.635" endtime="20230220 22:52:54.671"/>
</kw>
<kw name="Sleep" library="BuiltIn">
<arg>1s</arg>
<doc>Pauses the test executed for the given time.</doc>
<msg timestamp="20230220 22:52:55.679" level="INFO">Slept 1 second</msg>
<status status="PASS" starttime="20230220 22:52:54.672" endtime="20230220 22:52:55.679"/>
</kw>
<kw name="Input Text" library="SeleniumLibrary">
<arg>id:u_email</arg>
<arg>${Username}</arg>
<doc>Types the given ``text`` into the text field identified by ``locator``.</doc>
<msg timestamp="20230220 22:52:55.681" level="INFO">Typing text 'suchada1512@gmail.com' into text field 'id:u_email'.</msg>
<status status="PASS" starttime="20230220 22:52:55.681" endtime="20230220 22:52:55.763"/>
</kw>
<kw name="Sleep" library="BuiltIn">
<arg>1s</arg>
<doc>Pauses the test executed for the given time.</doc>
<msg timestamp="20230220 22:52:56.774" level="INFO">Slept 1 second</msg>
<status status="PASS" starttime="20230220 22:52:55.764" endtime="20230220 22:52:56.774"/>
</kw>
<kw name="Input Text" library="SeleniumLibrary">
<arg>id:u_password</arg>
<arg>${Password}</arg>
<doc>Types the given ``text`` into the text field identified by ``locator``.</doc>
<msg timestamp="20230220 22:52:56.774" level="INFO">Typing text 'suchada' into text field 'id:u_password'.</msg>
<status status="PASS" starttime="20230220 22:52:56.774" endtime="20230220 22:52:56.831"/>
</kw>
<kw name="Click to Login">
<kw name="Sleep" library="BuiltIn">
<arg>2s</arg>
<doc>Pauses the test executed for the given time.</doc>
<msg timestamp="20230220 22:52:58.836" level="INFO">Slept 2 seconds</msg>
<status status="PASS" starttime="20230220 22:52:56.831" endtime="20230220 22:52:58.836"/>
</kw>
<kw name="Click Element" library="SeleniumLibrary">
<arg>//*[@id="loginBtn"]</arg>
<doc>Click the element identified by ``locator``.</doc>
<msg timestamp="20230220 22:52:58.836" level="INFO">Clicking element '//*[@id="loginBtn"]'.</msg>
<status status="PASS" starttime="20230220 22:52:58.836" endtime="20230220 22:52:58.869"/>
</kw>
<status status="PASS" starttime="20230220 22:52:56.831" endtime="20230220 22:52:58.869"/>
</kw>
<kw name="Click Sidebar Resiponse Project">
<kw name="Sleep" library="BuiltIn">
<arg>2s</arg>
<doc>Pauses the test executed for the given time.</doc>
<msg timestamp="20230220 22:53:00.882" level="INFO">Slept 2 seconds</msg>
<status status="PASS" starttime="20230220 22:52:58.871" endtime="20230220 22:53:00.882"/>
</kw>
<kw name="Click Element" library="SeleniumLibrary">
<arg>//*[@id="main-wrapper"]/header/nav/div[2]/ul[1]/li[2]/a/i</arg>
<doc>Click the element identified by ``locator``.</doc>
<msg timestamp="20230220 22:53:00.882" level="INFO">Clicking element '//*[@id="main-wrapper"]/header/nav/div[2]/ul[1]/li[2]/a/i'.</msg>
<status status="PASS" starttime="20230220 22:53:00.882" endtime="20230220 22:53:00.922"/>
</kw>
<status status="PASS" starttime="20230220 22:52:58.871" endtime="20230220 22:53:00.922"/>
</kw>
<kw name="Click Project Responsibility">
<kw name="Sleep" library="BuiltIn">
<arg>1s</arg>
<doc>Pauses the test executed for the given time.</doc>
<msg timestamp="20230220 22:53:01.935" level="INFO">Slept 1 second</msg>
<status status="PASS" starttime="20230220 22:53:00.924" endtime="20230220 22:53:01.935"/>
</kw>
<kw name="Click Element" library="SeleniumLibrary">
<arg>//*[@id="sidebarnav"]/li[2]/a/i</arg>
<doc>Click the element identified by ``locator``.</doc>
<msg timestamp="20230220 22:53:01.935" level="INFO">Clicking element '//*[@id="sidebarnav"]/li[2]/a/i'.</msg>
<status status="PASS" starttime="20230220 22:53:01.935" endtime="20230220 22:53:01.967"/>
</kw>
<kw name="Sleep" library="BuiltIn">
<arg>1s</arg>
<doc>Pauses the test executed for the given time.</doc>
<msg timestamp="20230220 22:53:02.975" level="INFO">Slept 1 second</msg>
<status status="PASS" starttime="20230220 22:53:01.967" endtime="20230220 22:53:02.975"/>
</kw>
<kw name="Click Element" library="SeleniumLibrary">
<arg>//*[@id="sidebarnav"]/li[2]/ul/li/a</arg>
<doc>Click the element identified by ``locator``.</doc>
<msg timestamp="20230220 22:53:02.975" level="INFO">Clicking element '//*[@id="sidebarnav"]/li[2]/ul/li/a'.</msg>
<status status="PASS" starttime="20230220 22:53:02.975" endtime="20230220 22:53:03.257"/>
</kw>
<status status="PASS" starttime="20230220 22:53:00.923" endtime="20230220 22:53:03.257"/>
</kw>
<kw name="Click Project Task">
<kw name="Sleep" library="BuiltIn">
<arg>2s</arg>
<doc>Pauses the test executed for the given time.</doc>
<msg timestamp="20230220 22:53:05.273" level="INFO">Slept 2 seconds</msg>
<status status="PASS" starttime="20230220 22:53:03.258" endtime="20230220 22:53:05.273"/>
</kw>
<kw name="Click Element" library="SeleniumLibrary">
<arg>//*[@class="btn btn-tertiary btn-sm"]</arg>
<doc>Click the element identified by ``locator``.</doc>
<msg timestamp="20230220 22:53:05.273" level="INFO">Clicking element '//*[@class="btn btn-tertiary btn-sm"]'.</msg>
<status status="PASS" starttime="20230220 22:53:05.273" endtime="20230220 22:53:05.654"/>
</kw>
<status status="PASS" starttime="20230220 22:53:03.257" endtime="20230220 22:53:05.654"/>
</kw>
<kw name="Click Delete Project Task">
<kw name="Sleep" library="BuiltIn">
<arg>2s</arg>
<doc>Pauses the test executed for the given time.</doc>
<msg timestamp="20230220 22:53:07.664" level="INFO">Slept 2 seconds</msg>
<status status="PASS" starttime="20230220 22:53:05.655" endtime="20230220 22:53:07.664"/>
</kw>
<kw name="Click Element" library="SeleniumLibrary">
<arg>//*[@id="del"]</arg>
<doc>Click the element identified by ``locator``.</doc>
<msg timestamp="20230220 22:53:07.666" level="INFO">Clicking element '//*[@id="del"]'.</msg>
<status status="PASS" starttime="20230220 22:53:07.665" endtime="20230220 22:53:07.704"/>
</kw>
<status status="PASS" starttime="20230220 22:53:05.654" endtime="20230220 22:53:07.705"/>
</kw>
<kw name="Click Confirm Delete Project Task">
<kw name="Sleep" library="BuiltIn">
<arg>2s</arg>
<doc>Pauses the test executed for the given time.</doc>
<msg timestamp="20230220 22:53:09.712" level="INFO">Slept 2 seconds</msg>
<status status="PASS" starttime="20230220 22:53:07.705" endtime="20230220 22:53:09.712"/>
</kw>
<kw name="Click Element" library="SeleniumLibrary">
<arg>//*[@class="swal2-confirm swal2-styled"]</arg>
<doc>Click the element identified by ``locator``.</doc>
<msg timestamp="20230220 22:53:09.712" level="INFO">Clicking element '//*[@class="swal2-confirm swal2-styled"]'.</msg>
<status status="PASS" starttime="20230220 22:53:09.712" endtime="20230220 22:53:09.744"/>
</kw>
<status status="PASS" starttime="20230220 22:53:07.705" endtime="20230220 22:53:09.744"/>
</kw>
<kw name="Close Browser Page">
<kw name="Sleep" library="BuiltIn">
<arg>3s</arg>
<doc>Pauses the test executed for the given time.</doc>
<msg timestamp="20230220 22:53:12.753" level="INFO">Slept 3 seconds</msg>
<status status="PASS" starttime="20230220 22:53:09.744" endtime="20230220 22:53:12.753"/>
</kw>
<kw name="Close Browser" library="SeleniumLibrary">
<doc>Closes the current browser.</doc>
<status status="PASS" starttime="20230220 22:53:12.753" endtime="20230220 22:53:14.862"/>
</kw>
<status status="PASS" starttime="20230220 22:53:09.744" endtime="20230220 22:53:14.862"/>
</kw>
<status status="PASS" starttime="20230220 22:52:50.613" endtime="20230220 22:53:14.863"/>
</test>
<test id="s1-t2" name="Delete Task in Project Fail with are not owner this activity" line="65">
<kw name="Open file Excel">
<kw name="Open Excel" library="ExcelRobot">
<arg>C:\\xampp\\htdocs\\automateTestTeam0\\employee1\\test_delete_taskInProject\\test_data.xlsx</arg>
<doc>Opens the Excel file to read from the path provided in the file path parameter.</doc>
<msg timestamp="20230220 22:53:14.865" level="INFO">Opening file at C:\xampp\htdocs\automateTestTeam0\employee1\test_delete_taskInProject\test_data.xlsx</msg>
<status status="PASS" starttime="20230220 22:53:14.865" endtime="20230220 22:53:14.867"/>
</kw>
<status status="PASS" starttime="20230220 22:53:14.864" endtime="20230220 22:53:14.867"/>
</kw>
<kw name="Read Cell Data" library="ExcelRobot">
<var>${Username}</var>
<arg>Employee</arg>
<arg>0</arg>
<arg>1</arg>
<doc>Uses the column and row to return the data from that cell.</doc>
<msg timestamp="20230220 22:53:14.867" level="INFO">${Username} = suchada1512@gmail.com</msg>
<status status="PASS" starttime="20230220 22:53:14.867" endtime="20230220 22:53:14.867"/>
</kw>
<kw name="Read Cell Data" library="ExcelRobot">
<var>${Password}</var>
<arg>Employee</arg>
<arg>1</arg>
<arg>1</arg>
<doc>Uses the column and row to return the data from that cell.</doc>
<msg timestamp="20230220 22:53:14.867" level="INFO">${Password} = suchada</msg>
<status status="PASS" starttime="20230220 22:53:14.867" endtime="20230220 22:53:14.868"/>
</kw>
<kw name="Open Project Monitoring System">
<kw name="Open Browser" library="SeleniumLibrary">
<arg>${URL}</arg>
<arg>${BROWSER}</arg>
<doc>Opens a new browser instance to the optional ``url``.</doc>
<msg timestamp="20230220 22:53:14.868" level="INFO">Opening browser 'Google Chrome' to base url 'http://dekdee2.informatics.buu.ac.th:9080/team0/'.</msg>
<status status="PASS" starttime="20230220 22:53:14.868" endtime="20230220 22:53:16.954"/>
</kw>
<kw name="Maximize Browser Window" library="SeleniumLibrary">
<doc>Maximizes current browser window.</doc>
<status status="PASS" starttime="20230220 22:53:16.954" endtime="20230220 22:53:17.164"/>
</kw>
<status status="PASS" starttime="20230220 22:53:14.868" endtime="20230220 22:53:17.165"/>
</kw>
<kw name="Click Menu Login">
<kw name="Sleep" library="BuiltIn">
<arg>2s</arg>
<doc>Pauses the test executed for the given time.</doc>
<msg timestamp="20230220 22:53:19.177" level="INFO">Slept 2 seconds</msg>
<status status="PASS" starttime="20230220 22:53:17.167" endtime="20230220 22:53:19.177"/>
</kw>
<kw name="Click Element" library="SeleniumLibrary">
<arg>//*[@class="nav-link waves-effect waves-dark profile-pic fs-5"]</arg>
<doc>Click the element identified by ``locator``.</doc>
<msg timestamp="20230220 22:53:19.178" level="INFO">Clicking element '//*[@class="nav-link waves-effect waves-dark profile-pic fs-5"]'.</msg>
<msg timestamp="20230220 22:53:19.179" level="WARN">Keyword 'Capture Page Screenshot' could not be run on failure: Message: no such window: target window already closed
from unknown error: web view not found
  (Session info: chrome=110.0.5481.104)
Stacktrace:
Backtrace:
	(No symbol) [0x004437D3]
	(No symbol) [0x003D8B81]
	(No symbol) [0x002DB36D]
	(No symbol) [0x002BE5DA]
	(No symbol) [0x0032F0CB]
	(No symbol) [0x00340A56]
	(No symbol) [0x0032B216]
	(No symbol) [0x00300D97]
	(No symbol) [0x0030253D]
	GetHandleVerifier [0x006BABF2+2510930]
	GetHandleVerifier [0x006E8EC1+2700065]
	GetHandleVerifier [0x006EC86C+2714828]
	GetHandleVerifier [0x004F3480+645344]
	(No symbol) [0x003E0FD2]
	(No symbol) [0x003E6C68]
	(No symbol) [0x003E6D4B]
	(No symbol) [0x003F0D6B]
	BaseThreadInitThunk [0x765A7D69+25]
	RtlInitializeExceptionChain [0x7755BB9B+107]
	RtlClearBits [0x7755BB1F+191]
</msg>
<msg timestamp="20230220 22:53:19.183" level="FAIL">NoSuchWindowException: Message: no such window: target window already closed
from unknown error: web view not found
  (Session info: chrome=110.0.5481.104)
Stacktrace:
Backtrace:
	(No symbol) [0x004437D3]
	(No symbol) [0x003D8B81]
	(No symbol) [0x002DB36D]
	(No symbol) [0x002BE5DA]
	(No symbol) [0x0032F0CB]
	(No symbol) [0x00340A56]
	(No symbol) [0x0032B216]
	(No symbol) [0x00300D97]
	(No symbol) [0x0030253D]
	GetHandleVerifier [0x006BABF2+2510930]
	GetHandleVerifier [0x006E8EC1+2700065]
	GetHandleVerifier [0x006EC86C+2714828]
	GetHandleVerifier [0x004F3480+645344]
	(No symbol) [0x003E0FD2]
	(No symbol) [0x003E6C68]
	(No symbol) [0x003E6D4B]
	(No symbol) [0x003F0D6B]
	BaseThreadInitThunk [0x765A7D69+25]
	RtlInitializeExceptionChain [0x7755BB9B+107]
	RtlClearBits [0x7755BB1F+191]
</msg>
<status status="FAIL" starttime="20230220 22:53:19.177" endtime="20230220 22:53:19.185"/>
</kw>
<status status="FAIL" starttime="20230220 22:53:17.166" endtime="20230220 22:53:19.186"/>
</kw>
<kw name="Sleep" library="BuiltIn">
<arg>1s</arg>
<doc>Pauses the test executed for the given time.</doc>
<status status="NOT RUN" starttime="20230220 22:53:19.186" endtime="20230220 22:53:19.186"/>
</kw>
<kw name="Input Text" library="SeleniumLibrary">
<arg>id:u_email</arg>
<arg>${Username}</arg>
<doc>Types the given ``text`` into the text field identified by ``locator``.</doc>
<status status="NOT RUN" starttime="20230220 22:53:19.187" endtime="20230220 22:53:19.187"/>
</kw>
<kw name="Sleep" library="BuiltIn">
<arg>1s</arg>
<doc>Pauses the test executed for the given time.</doc>
<status status="NOT RUN" starttime="20230220 22:53:19.187" endtime="20230220 22:53:19.187"/>
</kw>
<kw name="Input Text" library="SeleniumLibrary">
<arg>id:u_password</arg>
<arg>${Password}</arg>
<doc>Types the given ``text`` into the text field identified by ``locator``.</doc>
<status status="NOT RUN" starttime="20230220 22:53:19.187" endtime="20230220 22:53:19.187"/>
</kw>
<kw name="Click to Login">
<status status="NOT RUN" starttime="20230220 22:53:19.188" endtime="20230220 22:53:19.188"/>
</kw>
<kw name="Click Sidebar Resiponse Project">
<status status="NOT RUN" starttime="20230220 22:53:19.188" endtime="20230220 22:53:19.188"/>
</kw>
<kw name="Click Project Responsibility">
<status status="NOT RUN" starttime="20230220 22:53:19.188" endtime="20230220 22:53:19.188"/>
</kw>
<kw name="Click Project Task">
<status status="NOT RUN" starttime="20230220 22:53:19.188" endtime="20230220 22:53:19.188"/>
</kw>
<kw name="Close Browser Page">
<status status="NOT RUN" starttime="20230220 22:53:19.188" endtime="20230220 22:53:19.188"/>
</kw>
<status status="FAIL" starttime="20230220 22:53:14.864" endtime="20230220 22:53:19.189">NoSuchWindowException: Message: no such window: target window already closed
from unknown error: web view not found
  (Session info: chrome=110.0.5481.104)
Stacktrace:
Backtrace:
	(No symbol) [0x004437D3]
	(No symbol) [0x003D8B81]
	(No symbol) [0x002DB36D]
	(No symbol) [0x002BE5DA]
	(No symbol) [0x0032F0CB]
	(No symbol) [0x00340A56]
	(No symbol) [0x0032B216]
	(No symbol) [0x00300D97]
	(No symbol) [0x0030253D]
	GetHandleVerifier [0x006BABF2+2510930]
	GetHandleVerifier [0x006E8EC1+2700065]
	GetHandleVerifier [0x006EC86C+2714828]
	GetHandleVerifier [0x004F3480+645344]
	(No symbol) [0x003E0FD2]
	(No symbol) [0x003E6C68]
	(No symbol) [0x003E6D4B]
	(No symbol) [0x003F0D6B]
	BaseThreadInitThunk [0x765A7D69+25]
	RtlInitializeExceptionChain [0x7755BB9B+107]
	RtlClearBits [0x7755BB1F+191]
</status>
</test>
<status status="FAIL" starttime="20230220 22:52:50.213" endtime="20230220 22:53:19.191"/>
</suite>
<statistics>
<total>
<stat pass="1" fail="1" skip="0">All Tests</stat>
</total>
<tag>
</tag>
<suite>
<stat pass="1" fail="1" skip="0" id="s1" name="delete taskInProject">delete taskInProject</stat>
</suite>
</statistics>
<errors>
<msg timestamp="20230220 22:53:19.179" level="WARN">Keyword 'Capture Page Screenshot' could not be run on failure: Message: no such window: target window already closed
from unknown error: web view not found
  (Session info: chrome=110.0.5481.104)
Stacktrace:
Backtrace:
	(No symbol) [0x004437D3]
	(No symbol) [0x003D8B81]
	(No symbol) [0x002DB36D]
	(No symbol) [0x002BE5DA]
	(No symbol) [0x0032F0CB]
	(No symbol) [0x00340A56]
	(No symbol) [0x0032B216]
	(No symbol) [0x00300D97]
	(No symbol) [0x0030253D]
	GetHandleVerifier [0x006BABF2+2510930]
	GetHandleVerifier [0x006E8EC1+2700065]
	GetHandleVerifier [0x006EC86C+2714828]
	GetHandleVerifier [0x004F3480+645344]
	(No symbol) [0x003E0FD2]
	(No symbol) [0x003E6C68]
	(No symbol) [0x003E6D4B]
	(No symbol) [0x003F0D6B]
	BaseThreadInitThunk [0x765A7D69+25]
	RtlInitializeExceptionChain [0x7755BB9B+107]
	RtlClearBits [0x7755BB1F+191]
</msg>
</errors>
</robot>
