<?xml version="1.0" encoding="UTF-8"?>
<robot generator="Robot 5.0.1 (Python 3.10.5 on win32)" generated="20221208 23:27:08.348" rpa="false" schemaversion="3">
<suite id="s1" name="automateTestTeam0" source="C:\xampp\htdocs\automateTestTeam0">
<suite id="s1-s1" name="Admin" source="C:\xampp\htdocs\automateTestTeam0\Admin">
<suite id="s1-s1-s1" name="Test Delete Project  Activity" source="C:\xampp\htdocs\automateTestTeam0\Admin\test_delete_project_ activity">
<suite id="s1-s1-s1-s1" name="Test Add Active Project" source="C:\xampp\htdocs\automateTestTeam0\Admin\test_delete_project_ activity\Test_Add_Active_Project.robot">
<test id="s1-s1-s1-s1-t1" name="Delete Activity Success" line="103">
<kw name="Open file Excel">
<kw name="Open Excel" library="ExcelRobot">
<arg>C:\\xampp\\htdocs\\automateTestTeam0\\Admin\\test_delete_project_ activity\\test_data.xlsx</arg>
<doc>Opens the Excel file to read from the path provided in the file path parameter.</doc>
<msg timestamp="20221208 23:27:08.980" level="INFO">Opening file at C:\xampp\htdocs\automateTestTeam0\Admin\test_delete_project_ activity\test_data.xlsx</msg>
<status status="PASS" starttime="20221208 23:27:08.979" endtime="20221208 23:27:08.986"/>
</kw>
<status status="PASS" starttime="20221208 23:27:08.979" endtime="20221208 23:27:08.987"/>
</kw>
<kw name="Read Cell Data" library="ExcelRobot">
<var>${Username}</var>
<arg>Admin</arg>
<arg>0</arg>
<arg>1</arg>
<doc>Uses the column and row to return the data from that cell.</doc>
<msg timestamp="20221208 23:27:08.988" level="INFO">${Username} = test@gmail.com</msg>
<status status="PASS" starttime="20221208 23:27:08.987" endtime="20221208 23:27:08.989"/>
</kw>
<kw name="Read Cell Data" library="ExcelRobot">
<var>${Password}</var>
<arg>Admin</arg>
<arg>1</arg>
<arg>1</arg>
<doc>Uses the column and row to return the data from that cell.</doc>
<msg timestamp="20221208 23:27:08.990" level="INFO">${Password} = kajorn.n</msg>
<status status="PASS" starttime="20221208 23:27:08.990" endtime="20221208 23:27:08.991"/>
</kw>
<kw name="Open Project Monitoring System">
<kw name="Open Browser" library="SeleniumLibrary">
<arg>${URL}</arg>
<arg>${BROWSER}</arg>
<doc>Opens a new browser instance to the optional ``url``.</doc>
<msg timestamp="20221208 23:27:08.993" level="INFO">Opening browser 'Google Chrome' to base url 'http://dekdee2.informatics.buu.ac.th:9080/team0/'.</msg>
<status status="PASS" starttime="20221208 23:27:08.992" endtime="20221208 23:27:11.128"/>
</kw>
<kw name="Maximize Browser Window" library="SeleniumLibrary">
<doc>Maximizes current browser window.</doc>
<status status="PASS" starttime="20221208 23:27:11.128" endtime="20221208 23:27:11.278"/>
</kw>
<status status="PASS" starttime="20221208 23:27:08.992" endtime="20221208 23:27:11.279"/>
</kw>
<kw name="Click Menu Login">
<kw name="Sleep" library="BuiltIn">
<arg>2s</arg>
<doc>Pauses the test executed for the given time.</doc>
<msg timestamp="20221208 23:27:13.288" level="INFO">Slept 2 seconds</msg>
<status status="PASS" starttime="20221208 23:27:11.280" endtime="20221208 23:27:13.288"/>
</kw>
<kw name="Click Element" library="SeleniumLibrary">
<arg>//*[@id="main-wrapper"]/header/nav/div[2]/ul[2]/li/a</arg>
<doc>Click the element identified by ``locator``.</doc>
<msg timestamp="20221208 23:27:13.290" level="INFO">Clicking element '//*[@id="main-wrapper"]/header/nav/div[2]/ul[2]/li/a'.</msg>
<status status="PASS" starttime="20221208 23:27:13.289" endtime="20221208 23:27:13.346"/>
</kw>
<status status="PASS" starttime="20221208 23:27:11.279" endtime="20221208 23:27:13.346"/>
</kw>
<kw name="Input Text" library="SeleniumLibrary">
<arg>id:u_email</arg>
<arg>${Username}</arg>
<doc>Types the given ``text`` into the text field identified by ``locator``.</doc>
<msg timestamp="20221208 23:27:13.347" level="INFO">Typing text 'test@gmail.com' into text field 'id:u_email'.</msg>
<msg timestamp="20221208 23:27:13.355" level="WARN">Keyword 'Capture Page Screenshot' could not be run on failure: Message: no such window: target window already closed
from unknown error: web view not found
  (Session info: chrome=108.0.5359.99)
Stacktrace:
Backtrace:
	(No symbol) [0x0108F243]
	(No symbol) [0x01017FD1]
	(No symbol) [0x00F0D04D]
	(No symbol) [0x00EF2D7A]
	(No symbol) [0x00F5BE7B]
	(No symbol) [0x00F6C196]
	(No symbol) [0x00F58386]
	(No symbol) [0x00F3163C]
	(No symbol) [0x00F3269D]
	GetHandleVerifier [0x01329A22+2655074]
	GetHandleVerifier [0x0131CA24+2601828]
	GetHandleVerifier [0x01138C0A+619850]
	GetHandleVerifier [0x01137830+614768]
	(No symbol) [0x010205FC]
	(No symbol) [0x01025968]
	(No symbol) [0x01025A55]
	(No symbol) [0x0103051B]
	BaseThreadInitThunk [0x76497BA9+25]
	RtlInitializeExceptionChain [0x7768BB9B+107]
	RtlClearBits [0x7768BB1F+191]
</msg>
<msg timestamp="20221208 23:27:13.360" level="FAIL">NoSuchWindowException: Message: no such window: target window already closed
from unknown error: web view not found
  (Session info: chrome=108.0.5359.99)
Stacktrace:
Backtrace:
	(No symbol) [0x0108F243]
	(No symbol) [0x01017FD1]
	(No symbol) [0x00F0D04D]
	(No symbol) [0x00EF2D7A]
	(No symbol) [0x00F5BE7B]
	(No symbol) [0x00F6C196]
	(No symbol) [0x00F58386]
	(No symbol) [0x00F3163C]
	(No symbol) [0x00F3269D]
	GetHandleVerifier [0x01329A22+2655074]
	GetHandleVerifier [0x0131CA24+2601828]
	GetHandleVerifier [0x01138C0A+619850]
	GetHandleVerifier [0x01137830+614768]
	(No symbol) [0x010205FC]
	(No symbol) [0x01025968]
	(No symbol) [0x01025A55]
	(No symbol) [0x0103051B]
	BaseThreadInitThunk [0x76497BA9+25]
	RtlInitializeExceptionChain [0x7768BB9B+107]
	RtlClearBits [0x7768BB1F+191]
</msg>
<status status="FAIL" starttime="20221208 23:27:13.346" endtime="20221208 23:27:13.376"/>
</kw>
<kw name="Input Text" library="SeleniumLibrary">
<arg>id:u_password</arg>
<arg>${Password}</arg>
<doc>Types the given ``text`` into the text field identified by ``locator``.</doc>
<status status="NOT RUN" starttime="20221208 23:27:13.377" endtime="20221208 23:27:13.378"/>
</kw>
<kw name="Click to Login">
<status status="NOT RUN" starttime="20221208 23:27:13.378" endtime="20221208 23:27:13.379"/>
</kw>
<kw name="Click Sidebar Settings">
<status status="NOT RUN" starttime="20221208 23:27:13.380" endtime="20221208 23:27:13.381"/>
</kw>
<kw name="Click Sidebar Project list">
<status status="NOT RUN" starttime="20221208 23:27:13.382" endtime="20221208 23:27:13.382"/>
</kw>
<kw name="Click Delete Activity">
<status status="NOT RUN" starttime="20221208 23:27:13.383" endtime="20221208 23:27:13.384"/>
</kw>
<kw name="Close Browser Page">
<status status="NOT RUN" starttime="20221208 23:27:13.385" endtime="20221208 23:27:13.386"/>
</kw>
<status status="FAIL" starttime="20221208 23:27:08.977" endtime="20221208 23:27:13.388">NoSuchWindowException: Message: no such window: target window already closed
from unknown error: web view not found
  (Session info: chrome=108.0.5359.99)
Stacktrace:
Backtrace:
	(No symbol) [0x0108F243]
	(No symbol) [0x01017FD1]
	(No symbol) [0x00F0D04D]
	(No symbol) [0x00EF2D7A]
	(No symbol) [0x00F5BE7B]
	(No symbol) [0x00F6C196]
	(No symbol) [0x00F58386]
	(No symbol) [0x00F3163C]
	(No symbol) [0x00F3269D]
	GetHandleVerifier [0x01329A22+2655074]
	GetHandleVerifier [0x0131CA24+2601828]
	GetHandleVerifier [0x01138C0A+619850]
	GetHandleVerifier [0x01137830+614768]
	(No symbol) [0x010205FC]
	(No symbol) [0x01025968]
	(No symbol) [0x01025A55]
	(No symbol) [0x0103051B]
	BaseThreadInitThunk [0x76497BA9+25]
	RtlInitializeExceptionChain [0x7768BB9B+107]
	RtlClearBits [0x7768BB1F+191]
</status>
</test>
<status status="FAIL" starttime="20221208 23:27:08.386" endtime="20221208 23:27:13.394"/>
</suite>
<status status="FAIL" starttime="20221208 23:27:08.383" endtime="20221208 23:27:13.398"/>
</suite>
<status status="FAIL" starttime="20221208 23:27:08.379" endtime="20221208 23:27:13.401"/>
</suite>
<status status="FAIL" starttime="20221208 23:27:08.354" endtime="20221208 23:27:13.404"/>
</suite>
<statistics>
<total>
<stat pass="0" fail="1" skip="0">All Tests</stat>
</total>
<tag>
</tag>
<suite>
<stat pass="0" fail="1" skip="0" id="s1" name="automateTestTeam0">automateTestTeam0</stat>
<stat pass="0" fail="1" skip="0" id="s1-s1" name="Admin">automateTestTeam0.Admin</stat>
<stat pass="0" fail="1" skip="0" id="s1-s1-s1" name="Test Delete Project  Activity">automateTestTeam0.Admin.Test Delete Project  Activity</stat>
<stat pass="0" fail="1" skip="0" id="s1-s1-s1-s1" name="Test Add Active Project">automateTestTeam0.Admin.Test Delete Project  Activity.Test Add Active Project</stat>
</suite>
</statistics>
<errors>
<msg timestamp="20221208 23:27:13.355" level="WARN">Keyword 'Capture Page Screenshot' could not be run on failure: Message: no such window: target window already closed
from unknown error: web view not found
  (Session info: chrome=108.0.5359.99)
Stacktrace:
Backtrace:
	(No symbol) [0x0108F243]
	(No symbol) [0x01017FD1]
	(No symbol) [0x00F0D04D]
	(No symbol) [0x00EF2D7A]
	(No symbol) [0x00F5BE7B]
	(No symbol) [0x00F6C196]
	(No symbol) [0x00F58386]
	(No symbol) [0x00F3163C]
	(No symbol) [0x00F3269D]
	GetHandleVerifier [0x01329A22+2655074]
	GetHandleVerifier [0x0131CA24+2601828]
	GetHandleVerifier [0x01138C0A+619850]
	GetHandleVerifier [0x01137830+614768]
	(No symbol) [0x010205FC]
	(No symbol) [0x01025968]
	(No symbol) [0x01025A55]
	(No symbol) [0x0103051B]
	BaseThreadInitThunk [0x76497BA9+25]
	RtlInitializeExceptionChain [0x7768BB9B+107]
	RtlClearBits [0x7768BB1F+191]
</msg>
</errors>
</robot>
